  compilation object save succeeded; see C:\Users\Yu\Documents\GitHub\ presentation\-presentation\pixelShader.cso
  compilation object save succeeded; see C:\Users\Yu\Documents\GitHub\ presentation\-presentation\vertexShader.cso
  animationmodel.cpp
c:\users\yu\documents\github\ presentation\-presentation\assimp\defs.h : warning C4819: ファイルは、現在のコード ページ (932) で表示できない文字を含んでいます。データの損失を防ぐために、ファイルを Unicode 形式で保存してください。
c:\users\yu\documents\github\ presentation\-presentation\assimp\matrix3x3.h : warning C4819: ファイルは、現在のコード ページ (932) で表示できない文字を含んでいます。データの損失を防ぐために、ファイルを Unicode 形式で保存してください。
c:\users\yu\documents\github\ presentation\-presentation\assimp\matrix3x3.inl : warning C4819: ファイルは、現在のコード ページ (932) で表示できない文字を含んでいます。データの損失を防ぐために、ファイルを Unicode 形式で保存してください。
c:\users\yu\documents\github\ presentation\-presentation\assimp\matrix4x4.inl : warning C4819: ファイルは、現在のコード ページ (932) で表示できない文字を含んでいます。データの損失を防ぐために、ファイルを Unicode 形式で保存してください。
  base.cpp
c:\users\yu\documents\github\ presentation\-presentation\assimp\defs.h : warning C4819: ファイルは、現在のコード ページ (932) で表示できない文字を含んでいます。データの損失を防ぐために、ファイルを Unicode 形式で保存してください。
c:\users\yu\documents\github\ presentation\-presentation\assimp\matrix3x3.h : warning C4819: ファイルは、現在のコード ページ (932) で表示できない文字を含んでいます。データの損失を防ぐために、ファイルを Unicode 形式で保存してください。
c:\users\yu\documents\github\ presentation\-presentation\assimp\matrix3x3.inl : warning C4819: ファイルは、現在のコード ページ (932) で表示できない文字を含んでいます。データの損失を防ぐために、ファイルを Unicode 形式で保存してください。
c:\users\yu\documents\github\ presentation\-presentation\assimp\matrix4x4.inl : warning C4819: ファイルは、現在のコード ページ (932) で表示できない文字を含んでいます。データの損失を防ぐために、ファイルを Unicode 形式で保存してください。
  bullet.cpp
c:\users\yu\documents\github\ presentation\-presentation\assimp\defs.h : warning C4819: ファイルは、現在のコード ページ (932) で表示できない文字を含んでいます。データの損失を防ぐために、ファイルを Unicode 形式で保存してください。
c:\users\yu\documents\github\ presentation\-presentation\assimp\matrix3x3.h : warning C4819: ファイルは、現在のコード ページ (932) で表示できない文字を含んでいます。データの損失を防ぐために、ファイルを Unicode 形式で保存してください。
c:\users\yu\documents\github\ presentation\-presentation\assimp\matrix3x3.inl : warning C4819: ファイルは、現在のコード ページ (932) で表示できない文字を含んでいます。データの損失を防ぐために、ファイルを Unicode 形式で保存してください。
c:\users\yu\documents\github\ presentation\-presentation\assimp\matrix4x4.inl : warning C4819: ファイルは、現在のコード ページ (932) で表示できない文字を含んでいます。データの損失を防ぐために、ファイルを Unicode 形式で保存してください。
  bunker.cpp
  camera.cpp
c:\users\yu\documents\github\ presentation\-presentation\assimp\defs.h : warning C4819: ファイルは、現在のコード ページ (932) で表示できない文字を含んでいます。データの損失を防ぐために、ファイルを Unicode 形式で保存してください。
c:\users\yu\documents\github\ presentation\-presentation\assimp\matrix3x3.h : warning C4819: ファイルは、現在のコード ページ (932) で表示できない文字を含んでいます。データの損失を防ぐために、ファイルを Unicode 形式で保存してください。
c:\users\yu\documents\github\ presentation\-presentation\assimp\matrix3x3.inl : warning C4819: ファイルは、現在のコード ページ (932) で表示できない文字を含んでいます。データの損失を防ぐために、ファイルを Unicode 形式で保存してください。
c:\users\yu\documents\github\ presentation\-presentation\assimp\matrix4x4.inl : warning C4819: ファイルは、現在のコード ページ (932) で表示できない文字を含んでいます。データの損失を防ぐために、ファイルを Unicode 形式で保存してください。
  captureui.cpp
  colider.cpp
  deadtree.cpp
  effect.cpp
  enemy.cpp
c:\users\yu\documents\github\ presentation\-presentation\assimp\defs.h : warning C4819: ファイルは、現在のコード ページ (932) で表示できない文字を含んでいます。データの損失を防ぐために、ファイルを Unicode 形式で保存してください。
c:\users\yu\documents\github\ presentation\-presentation\assimp\matrix3x3.h : warning C4819: ファイルは、現在のコード ページ (932) で表示できない文字を含んでいます。データの損失を防ぐために、ファイルを Unicode 形式で保存してください。
c:\users\yu\documents\github\ presentation\-presentation\assimp\matrix3x3.inl : warning C4819: ファイルは、現在のコード ページ (932) で表示できない文字を含んでいます。データの損失を防ぐために、ファイルを Unicode 形式で保存してください。
c:\users\yu\documents\github\ presentation\-presentation\assimp\matrix4x4.inl : warning C4819: ファイルは、現在のコード ページ (932) で表示できない文字を含んでいます。データの損失を防ぐために、ファイルを Unicode 形式で保存してください。
  enemycommander.cpp
  explosion.cpp
  fade.cpp
c:\users\yu\documents\github\ presentation\-presentation\fade.cpp(23): warning C4244: '引数': 'float' から 'DWORD' への変換です。データが失われる可能性があります。
  field.cpp
  friend.cpp
  game.cpp
c:\users\yu\documents\github\ presentation\-presentation\assimp\defs.h : warning C4819: ファイルは、現在のコード ページ (932) で表示できない文字を含んでいます。データの損失を防ぐために、ファイルを Unicode 形式で保存してください。
c:\users\yu\documents\github\ presentation\-presentation\assimp\matrix3x3.h : warning C4819: ファイルは、現在のコード ページ (932) で表示できない文字を含んでいます。データの損失を防ぐために、ファイルを Unicode 形式で保存してください。
c:\users\yu\documents\github\ presentation\-presentation\assimp\matrix3x3.inl : warning C4819: ファイルは、現在のコード ページ (932) で表示できない文字を含んでいます。データの損失を防ぐために、ファイルを Unicode 形式で保存してください。
c:\users\yu\documents\github\ presentation\-presentation\assimp\matrix4x4.inl : warning C4819: ファイルは、現在のコード ページ (932) で表示できない文字を含んでいます。データの損失を防ぐために、ファイルを Unicode 形式で保存してください。
c:\users\yu\documents\github\ presentation\-presentation\game.cpp(77): warning C4244: '引数': 'int' から 'FLOAT' への変換です。データが失われる可能性があります。
  gamemaneger.cpp
c:\users\yu\documents\github\ presentation\-presentation\assimp\defs.h : warning C4819: ファイルは、現在のコード ページ (932) で表示できない文字を含んでいます。データの損失を防ぐために、ファイルを Unicode 形式で保存してください。
c:\users\yu\documents\github\ presentation\-presentation\assimp\matrix3x3.h : warning C4819: ファイルは、現在のコード ページ (932) で表示できない文字を含んでいます。データの損失を防ぐために、ファイルを Unicode 形式で保存してください。
c:\users\yu\documents\github\ presentation\-presentation\assimp\matrix3x3.inl : warning C4819: ファイルは、現在のコード ページ (932) で表示できない文字を含んでいます。データの損失を防ぐために、ファイルを Unicode 形式で保存してください。
c:\users\yu\documents\github\ presentation\-presentation\assimp\matrix4x4.inl : warning C4819: ファイルは、現在のコード ページ (932) で表示できない文字を含んでいます。データの損失を防ぐために、ファイルを Unicode 形式で保存してください。
  gauge.cpp
c:\users\yu\documents\github\ presentation\-presentation\assimp\defs.h : warning C4819: ファイルは、現在のコード ページ (932) で表示できない文字を含んでいます。データの損失を防ぐために、ファイルを Unicode 形式で保存してください。
c:\users\yu\documents\github\ presentation\-presentation\assimp\matrix3x3.h : warning C4819: ファイルは、現在のコード ページ (932) で表示できない文字を含んでいます。データの損失を防ぐために、ファイルを Unicode 形式で保存してください。
c:\users\yu\documents\github\ presentation\-presentation\assimp\matrix3x3.inl : warning C4819: ファイルは、現在のコード ページ (932) で表示できない文字を含んでいます。データの損失を防ぐために、ファイルを Unicode 形式で保存してください。
c:\users\yu\documents\github\ presentation\-presentation\assimp\matrix4x4.inl : warning C4819: ファイルは、現在のコード ページ (932) で表示できない文字を含んでいます。データの損失を防ぐために、ファイルを Unicode 形式で保存してください。
c:\users\yu\documents\github\ presentation\-presentation\gauge.cpp(48): warning C4244: '引数': 'int' から 'float' への変換です。データが失われる可能性があります。
  house.cpp
  input.cpp
c:\users\yu\documents\github\ presentation\-presentation\input.cpp(35): warning C4244: '引数': 'LONG' から 'FLOAT' への変換です。データが失われる可能性があります。
  コンパイル中...
  light.cpp
  main.cpp
  manager.cpp
  meshfield.cpp
c:\users\yu\documents\github\ presentation\-presentation\meshfield.cpp(208): warning C4244: '=': 'float' から 'int' への変換です。データが失われる可能性があります。
c:\users\yu\documents\github\ presentation\-presentation\meshfield.cpp(209): warning C4244: '=': 'float' から 'int' への変換です。データが失われる可能性があります。
c:\users\yu\documents\github\ presentation\-presentation\meshfield.cpp(279): warning C4244: '=': 'int' から 'float' への変換です。データが失われる可能性があります。
c:\users\yu\documents\github\ presentation\-presentation\meshfield.cpp(254): warning C4101: 'pos': ローカル変数は 1 度も使われていません。
  model.cpp
  number.cpp
  player.cpp
c:\users\yu\documents\github\ presentation\-presentation\assimp\defs.h : warning C4819: ファイルは、現在のコード ページ (932) で表示できない文字を含んでいます。データの損失を防ぐために、ファイルを Unicode 形式で保存してください。
c:\users\yu\documents\github\ presentation\-presentation\assimp\matrix3x3.h : warning C4819: ファイルは、現在のコード ページ (932) で表示できない文字を含んでいます。データの損失を防ぐために、ファイルを Unicode 形式で保存してください。
c:\users\yu\documents\github\ presentation\-presentation\assimp\matrix3x3.inl : warning C4819: ファイルは、現在のコード ページ (932) で表示できない文字を含んでいます。データの損失を防ぐために、ファイルを Unicode 形式で保存してください。
c:\users\yu\documents\github\ presentation\-presentation\assimp\matrix4x4.inl : warning C4819: ファイルは、現在のコード ページ (932) で表示できない文字を含んでいます。データの損失を防ぐために、ファイルを Unicode 形式で保存してください。
c:\users\yu\documents\github\ presentation\-presentation\player.cpp(267): warning C4244: '引数': 'float' から 'int' への変換です。データが失われる可能性があります。
  playerui.cpp
c:\users\yu\documents\github\ presentation\-presentation\assimp\defs.h : warning C4819: ファイルは、現在のコード ページ (932) で表示できない文字を含んでいます。データの損失を防ぐために、ファイルを Unicode 形式で保存してください。
c:\users\yu\documents\github\ presentation\-presentation\assimp\matrix3x3.h : warning C4819: ファイルは、現在のコード ページ (932) で表示できない文字を含んでいます。データの損失を防ぐために、ファイルを Unicode 形式で保存してください。
c:\users\yu\documents\github\ presentation\-presentation\assimp\matrix3x3.inl : warning C4819: ファイルは、現在のコード ページ (932) で表示できない文字を含んでいます。データの損失を防ぐために、ファイルを Unicode 形式で保存してください。
c:\users\yu\documents\github\ presentation\-presentation\assimp\matrix4x4.inl : warning C4819: ファイルは、現在のコード ページ (932) で表示できない文字を含んでいます。データの損失を防ぐために、ファイルを Unicode 形式で保存してください。
  polygon.cpp
  renderer.cpp
  result.cpp
  shadow.cpp
  sight.cpp
  skydome.cpp
c:\users\yu\documents\github\ presentation\-presentation\assimp\defs.h : warning C4819: ファイルは、現在のコード ページ (932) で表示できない文字を含んでいます。データの損失を防ぐために、ファイルを Unicode 形式で保存してください。
c:\users\yu\documents\github\ presentation\-presentation\assimp\matrix3x3.h : warning C4819: ファイルは、現在のコード ページ (932) で表示できない文字を含んでいます。データの損失を防ぐために、ファイルを Unicode 形式で保存してください。
c:\users\yu\documents\github\ presentation\-presentation\assimp\matrix3x3.inl : warning C4819: ファイルは、現在のコード ページ (932) で表示できない文字を含んでいます。データの損失を防ぐために、ファイルを Unicode 形式で保存してください。
c:\users\yu\documents\github\ presentation\-presentation\assimp\matrix4x4.inl : warning C4819: ファイルは、現在のコード ページ (932) で表示できない文字を含んでいます。データの損失を防ぐために、ファイルを Unicode 形式で保存してください。
  smoke.cpp
c:\users\yu\documents\github\ presentation\-presentation\smoke.cpp(8): warning C4099: 'ID3D11ShaderResourceView': タイプ名は最初 'struct' として使われていましたが 'class' として使われています。
  c:\program files (x86)\microsoft directx sdk (june 2010)\include\d3d11.h(3440): note: 'ID3D11ShaderResourceView' の宣言を確認してください
  sound.cpp
  title.cpp
c:\users\yu\documents\github\ presentation\-presentation\title.cpp(54): warning C4244: '引数': 'int' から 'FLOAT' への変換です。データが失われる可能性があります。
  title2D.cpp
  tree.cpp
  tutorial.cpp
c:\users\yu\documents\github\ presentation\-presentation\assimp\defs.h : warning C4819: ファイルは、現在のコード ページ (932) で表示できない文字を含んでいます。データの損失を防ぐために、ファイルを Unicode 形式で保存してください。
c:\users\yu\documents\github\ presentation\-presentation\assimp\matrix3x3.h : warning C4819: ファイルは、現在のコード ページ (932) で表示できない文字を含んでいます。データの損失を防ぐために、ファイルを Unicode 形式で保存してください。
c:\users\yu\documents\github\ presentation\-presentation\assimp\matrix3x3.inl : warning C4819: ファイルは、現在のコード ページ (932) で表示できない文字を含んでいます。データの損失を防ぐために、ファイルを Unicode 形式で保存してください。
c:\users\yu\documents\github\ presentation\-presentation\assimp\matrix4x4.inl : warning C4819: ファイルは、現在のコード ページ (932) で表示できない文字を含んでいます。データの損失を防ぐために、ファイルを Unicode 形式で保存してください。
  コンパイル中...
  tutorial2D.cpp
  Vector.cpp
c:\users\yu\documents\github\ presentation\-presentation\vector.cpp(18): warning C4244: '引数': 'double' から 'FLOAT' への変換です。データが失われる可能性があります。
  vicordef.cpp
  weapon.cpp
  weapon2d.cpp
c:\users\yu\documents\github\ presentation\-presentation\assimp\defs.h : warning C4819: ファイルは、現在のコード ページ (932) で表示できない文字を含んでいます。データの損失を防ぐために、ファイルを Unicode 形式で保存してください。
c:\users\yu\documents\github\ presentation\-presentation\assimp\matrix3x3.h : warning C4819: ファイルは、現在のコード ページ (932) で表示できない文字を含んでいます。データの損失を防ぐために、ファイルを Unicode 形式で保存してください。
c:\users\yu\documents\github\ presentation\-presentation\assimp\matrix3x3.inl : warning C4819: ファイルは、現在のコード ページ (932) で表示できない文字を含んでいます。データの損失を防ぐために、ファイルを Unicode 形式で保存してください。
c:\users\yu\documents\github\ presentation\-presentation\assimp\matrix4x4.inl : warning C4819: ファイルは、現在のコード ページ (932) で表示できない文字を含んでいます。データの損失を防ぐために、ファイルを Unicode 形式で保存してください。
  コード生成しています。
  All 1297 functions were compiled because no usable IPDB/IOBJ from previous compilation was found.
  コード生成が終了しました。
  GM31.vcxproj -> C:\Users\Yu\Documents\GitHub\ presentation\-presentation\Release\GM31.exe
